c:\users\tkhanmo\dropbox\tauheed_research\myoduino_source_v1.0\project4\release\vc140.pdb
c:\users\tkhanmo\dropbox\tauheed_research\myoduino_source_v1.0\project4\release\.netframework,version=v4.5.2.assemblyattributes.obj
c:\users\tkhanmo\dropbox\tauheed_research\myoduino_source_v1.0\project4\release\.netframework,version=v4.5.2.assemblyattributes.asm
c:\users\tkhanmo\dropbox\tauheed_research\myoduino_source_v1.0 - quamar bhai backup - synchronization required\project4\release\vc120.pdb
c:\users\tkhanmo\dropbox\tauheed_research\myoduino_source_v1.0 - quamar bhai backup - synchronization required\project4\release\.netframework,version=v4.5.2.assemblyattributes.obj
c:\users\tkhanmo\dropbox\tauheed_research\myoduino_source_v1.0\project4\release\myform.obj
c:\users\tkhanmo\dropbox\tauheed_research\myoduino_source_v1.0\project4\release\vc120.pdb
c:\users\tkhanmo\dropbox\tauheed_research\myoduino_source_v1.0\project4\release\.netframework,version=v4.0.assemblyattributes.obj
c:\users\tkhanmo\dropbox\tauheed_research\myoduino_source_v1.0 - quamar bhai backup - synchronization required\project4\release\myform.obj
c:\users\tkhanmo\dropbox\tauheed_research\myoduino_source_v1.0\release\myoduino.exe
c:\users\tkhanmo\dropbox\tauheed_research\myoduino_source_v1.0\release\myoduino.pdb
c:\users\tkhanmo\dropbox\tauheed_research\myoduino_source_v1.0\project4\release\myoduino.tlog\metagen.write.1.tlog
c:\users\tkhanmo\dropbox\tauheed_research\myoduino_source_v1.0 - quamar bhai backup - synchronization required\project4\release\myoduino.tlog\metagen.write.1.tlog
c:\users\tkhanmo\dropbox\tauheed_research\myoduino_source_v1.0\project4\release\project4.myform.resources
c:\users\tkhanmo\dropbox\tauheed_research\myoduino_source_v1.0 - quamar bhai backup - synchronization required\project4\release\project4.myform.resources
c:\users\tkhanmo\dropbox\tauheed_research\myoduino_source_v1.0 - quamar bhai backup - synchronization required\project4\release\project4.vcxproj.generateresource.cache
c:\users\tkhanmo\dropbox\tauheed_research\myoduino_source_v1.0 - quamar bhai backup - synchronization required\project4\release\project4.vcxprojresolveassemblyreference.cache
c:\users\tkhanmo\dropbox\tauheed_research\myoduino_source_v1.0 - quamar bhai backup - synchronization required\project4\release\.netframework,version=v4.0.assemblyattributes.obj
c:\users\tkhanmo\dropbox\tauheed_research\myoduino_source_v1.0 - quamar bhai backup - synchronization required\project4\release\.netframework,version=v4.5.assemblyattributes.obj
c:\users\tkhanmo\dropbox\tauheed_research\myoduino_source_v1.0 - quamar bhai backup - synchronization required\project4\release\vc140.pdb
c:\users\tkhanmo\dropbox\tauheed_research\myoduino_source_v1.0 - quamar bhai backup - synchronization required\release\myoduino.pdb
c:\users\tkhanmo\dropbox\tauheed_research\myoduino_source_v1.0 - quamar bhai backup - synchronization required\project4\release\myoduino.tlog\cl.command.1.tlog
c:\users\tkhanmo\dropbox\tauheed_research\myoduino_source_v1.0 - quamar bhai backup - synchronization required\project4\release\myoduino.tlog\cl.read.1.tlog
c:\users\tkhanmo\dropbox\tauheed_research\myoduino_source_v1.0 - quamar bhai backup - synchronization required\project4\release\myoduino.tlog\cl.write.1.tlog
c:\users\tkhanmo\dropbox\tauheed_research\myoduino_source_v1.0 - quamar bhai backup - synchronization required\project4\release\myoduino.tlog\link.command.1.tlog
c:\users\tkhanmo\dropbox\tauheed_research\myoduino_source_v1.0 - quamar bhai backup - synchronization required\project4\release\myoduino.tlog\link.read.1.tlog
c:\users\tkhanmo\dropbox\tauheed_research\myoduino_source_v1.0 - quamar bhai backup - synchronization required\project4\release\myoduino.tlog\link.write.1.tlog
c:\users\tkhanmo\dropbox\tauheed_research\myoduino_source_v1.0 - quamar bhai backup - synchronization required\project4\release\myoduino.tlog\metagen.read.1.tlog
c:\users\tkhanmo\dropbox\tauheed_research\myoduino_source_v1.0 - quamar bhai backup - synchronization required\project4\release\myoduino.tlog\myoduino.write.1u.tlog
c:\users\tkhanmo\dropbox\tauheed_research\myoduino_source_v1.0 - quamar bhai backup - synchronization required\project4\release\myoduino.tlog\system.data.dll.metagen
c:\users\tkhanmo\dropbox\tauheed_research\myoduino_source_v1.0 - quamar bhai backup - synchronization required\project4\release\myoduino.tlog\system.dll.metagen
c:\users\tkhanmo\dropbox\tauheed_research\myoduino_source_v1.0 - quamar bhai backup - synchronization required\project4\release\myoduino.tlog\system.drawing.dll.metagen
c:\users\tkhanmo\dropbox\tauheed_research\myoduino_source_v1.0 - quamar bhai backup - synchronization required\project4\release\myoduino.tlog\system.windows.forms.dll.metagen
c:\users\tkhanmo\dropbox\tauheed_research\myoduino_source_v1.0 - quamar bhai backup - synchronization required\project4\release\myoduino.tlog\system.xml.dll.metagen
c:\users\tkhanmo\dropbox\tauheed_research\myoduino_source_v1.0 - quamar bhai backup - synchronization required\project4\release\myoduino.tlog\clui.dll.bi
c:\users\tkhanmo\dropbox\tauheed_research\myoduino_source_v1.0 - quamar bhai backup - synchronization required\project4\release\myoduino.tlog\tzres.dll.bi
